#-----------------------------------------------------------
# Vivado v2015.4 (64-bit)
# SW Build 1412921 on Wed Nov 18 09:43:45 MST 2015
# IP Build 1412160 on Tue Nov 17 13:47:24 MST 2015
# Start of session at: Fri Oct 20 14:50:31 2017
# Process ID: 15128
# Current directory: C:/Vivado_projects/Geyser_mem_ver1.1
# Command line: vivado.exe -gui_launcher_event rodinguilauncherevent13612 C:\Vivado_projects\Geyser_mem_ver1.1\Geyser_mem_ver1.1.xpr
# Log file: C:/Vivado_projects/Geyser_mem_ver1.1/vivado.log
# Journal file: C:/Vivado_projects/Geyser_mem_ver1.1\vivado.jou
#-----------------------------------------------------------
start_gui
open_project C:/Vivado_projects/Geyser_mem_ver1.1/Geyser_mem_ver1.1.xpr
Scanning sources...
Finished scanning sources
INFO: [IP_Flow 19-234] Refreshing IP repositories
INFO: [IP_Flow 19-1700] Loaded user IP repository 'c:/Vivado_projects/source_code/Geyser_mem_01'.
INFO: [IP_Flow 19-2313] Loaded Vivado IP repository 'C:/Xilinx/Vivado/2015.4/data/ip'.
open_project: Time (s): cpu = 00:00:08 ; elapsed = 00:00:07 . Memory (MB): peak = 709.406 ; gain = 117.398
ipx::open_ipxact_file C:/Vivado_projects/source_code/Geyser_mem_01/component.xml
WARNING: [IP_Flow 19-3833] Unreferenced file from the top module is not packaged: 'C:/Vivado_projects/source_code/Geyser_mem_01/b16testmem_init.v'.
WARNING: [IP_Flow 19-3833] Unreferenced file from the top module is not packaged: 'C:/Vivado_projects/source_code/Geyser_mem_01/buscon16-mram.v'.
WARNING: [IP_Flow 19-3833] Unreferenced file from the top module is not packaged: 'C:/Vivado_projects/source_code/Geyser_mem_01/b16rom_18kb.v'.
ipx::package_project -root_dir C:/Vivado_projects/source_code/Geyser_mem_01 -vendor xilinx.com -library user -taxonomy /UserIP -force
WARNING: [IP_Flow 19-3833] Unreferenced file from the top module is not packaged: 'C:/Vivado_projects/source_code/Geyser_mem_01/b16testmem_init.v'.
WARNING: [IP_Flow 19-3833] Unreferenced file from the top module is not packaged: 'C:/Vivado_projects/source_code/Geyser_mem_01/buscon16-mram.v'.
WARNING: [IP_Flow 19-3833] Unreferenced file from the top module is not packaged: 'C:/Vivado_projects/source_code/Geyser_mem_01/b16rom_18kb.v'.
INFO: [IP_Flow 19-2228] Inferred bus interface "Reset_" of definition type "xilinx.com:signal:reset:1.0".
INFO: [IP_Flow 19-2228] Inferred bus interface "reset_n" of definition type "xilinx.com:signal:reset:1.0".
INFO: [IP_Flow 19-2228] Inferred bus interface "Clk" of definition type "xilinx.com:signal:clock:1.0".
set_property core_revision 2 [ipx::current_core]
ipx::create_xgui_files [ipx::current_core]
ipx::update_checksums [ipx::current_core]
ipx::save_core [ipx::current_core]
update_ip_catalog -rebuild -repo_path c:/Vivado_projects/source_code/Geyser_mem_01
INFO: [IP_Flow 19-725] Reloaded user IP repository 'c:/Vivado_projects/source_code/Geyser_mem_01'
set_property core_revision 3 [ipx::current_core]
ipx::create_xgui_files [ipx::current_core]
ipx::update_checksums [ipx::current_core]
ipx::save_core [ipx::current_core]
update_ip_catalog -rebuild -repo_path c:/Vivado_projects/source_code/Geyser_mem_01
INFO: [IP_Flow 19-725] Reloaded user IP repository 'c:/Vivado_projects/source_code/Geyser_mem_01'
ipx::package_project -root_dir C:/Vivado_projects/source_code/Geyser_mem_01 -vendor xilinx.com -library user -taxonomy /UserIP -force
WARNING: [IP_Flow 19-3833] Unreferenced file from the top module is not packaged: 'C:/Vivado_projects/source_code/Geyser_mem_01/b16testmem_init.v'.
WARNING: [IP_Flow 19-3833] Unreferenced file from the top module is not packaged: 'C:/Vivado_projects/source_code/Geyser_mem_01/buscon16-mram.v'.
WARNING: [IP_Flow 19-3833] Unreferenced file from the top module is not packaged: 'C:/Vivado_projects/source_code/Geyser_mem_01/b16rom_18kb.v'.
INFO: [IP_Flow 19-2228] Inferred bus interface "Reset_" of definition type "xilinx.com:signal:reset:1.0".
INFO: [IP_Flow 19-2228] Inferred bus interface "reset_n" of definition type "xilinx.com:signal:reset:1.0".
INFO: [IP_Flow 19-2228] Inferred bus interface "Clk" of definition type "xilinx.com:signal:clock:1.0".
set_property core_revision 2 [ipx::current_core]
ipx::create_xgui_files [ipx::current_core]
ipx::update_checksums [ipx::current_core]
ipx::save_core [ipx::current_core]
update_ip_catalog -rebuild -repo_path c:/Vivado_projects/source_code/Geyser_mem_01
INFO: [IP_Flow 19-725] Reloaded user IP repository 'c:/Vivado_projects/source_code/Geyser_mem_01'
ipx::package_project -root_dir C:/Vivado_projects/source_code/Geyser_mem_01 -vendor xilinx.com -library user -taxonomy /UserIP -force
WARNING: [IP_Flow 19-3833] Unreferenced file from the top module is not packaged: 'C:/Vivado_projects/source_code/Geyser_mem_01/b16testmem_init.v'.
WARNING: [IP_Flow 19-3833] Unreferenced file from the top module is not packaged: 'C:/Vivado_projects/source_code/Geyser_mem_01/buscon16-mram.v'.
WARNING: [IP_Flow 19-3833] Unreferenced file from the top module is not packaged: 'C:/Vivado_projects/source_code/Geyser_mem_01/b16rom_18kb.v'.
INFO: [IP_Flow 19-2228] Inferred bus interface "Reset_" of definition type "xilinx.com:signal:reset:1.0".
INFO: [IP_Flow 19-2228] Inferred bus interface "reset_n" of definition type "xilinx.com:signal:reset:1.0".
INFO: [IP_Flow 19-2228] Inferred bus interface "Clk" of definition type "xilinx.com:signal:clock:1.0".
set_property core_revision 2 [ipx::current_core]
ipx::create_xgui_files [ipx::current_core]
ipx::update_checksums [ipx::current_core]
ipx::save_core [ipx::current_core]
update_ip_catalog -rebuild -repo_path c:/Vivado_projects/source_code/Geyser_mem_01
INFO: [IP_Flow 19-725] Reloaded user IP repository 'c:/Vivado_projects/source_code/Geyser_mem_01'
